<?xml version="1.0" encoding="UTF-8"?>
<!-- Generated by org.testng.reporters.JUnitReportReporter -->
<testsuite hostname="LAPTOP-HSPQSV91" failures="0" tests="3" name="TestNGAutomation.WebTest" time="83.811" errors="0" timestamp="22 Sep 2018 21:46:37 GMT" skipped="0">
  <testcase classname="TestNGAutomation.WebTest" name="signInTest" time="25.789"/>
  <testcase classname="TestNGAutomation.WebTest" name="logInTest" time="18.891"/>
  <testcase classname="TestNGAutomation.WebTest" name="checkoutTest" time="39.131"/>
</testsuite> <!-- TestNGAutomation.WebTest -->
