<?xml version="1.0" encoding="UTF-8"?>
<!-- Generated by org.testng.reporters.JUnitReportReporter -->
<testsuite hostname="LAPTOP-HSPQSV91" failures="0" tests="3" name="TestNGAutomation.WebTest" time="162.790" errors="0" timestamp="22 Sep 2018 21:58:53 GMT" skipped="0">
  <testcase classname="TestNGAutomation.WebTest" name="signInTest" time="54.263"/>
  <testcase classname="TestNGAutomation.WebTest" name="logInTest" time="45.869"/>
  <testcase classname="TestNGAutomation.WebTest" name="checkoutTest" time="62.658"/>
</testsuite> <!-- TestNGAutomation.WebTest -->
